<?xml version="1.0" encoding="UTF-8"?>
<!-- Generated by org.testng.reporters.JUnitReportReporter -->
<testsuite hostname="DESKTOP-56V3S75" failures="0" tests="1" name="TestNGpack.DroppableClass" time="7.268" errors="0" timestamp="2023-03-24T14:57:15 IST" skipped="0">
  <testcase classname="TestNGpack.DroppableClass" name="Test1" time="7.268"/>
  <system-out/>
</testsuite> <!-- TestNGpack.DroppableClass -->
