<?xml version="1.0" encoding="UTF-8"?>
<!-- Generated by org.testng.reporters.JUnitReportReporter -->
<testsuite hostname="DESKTOP-56V3S75" failures="0" tests="2" name="TestNGpack.GoogleParameters" time="4.033" errors="0" timestamp="2023-03-28T15:35:56 IST" skipped="0">
  <testcase classname="TestNGpack.GoogleParameters" name="xml" time="1.951"/>
  <system-out/>
  <testcase classname="TestNGpack.GoogleParameters" name="automation" time="2.082"/>
  <system-out/>
</testsuite> <!-- TestNGpack.GoogleParameters -->
