<?xml version="1.0" encoding="UTF-8"?>
<!-- Generated by org.testng.reporters.JUnitReportReporter -->
<testsuite hostname="DESKTOP-56V3S75" failures="0" tests="1" name="TestNGpack.TakeScreenshot" time="2.455" errors="0" timestamp="2023-03-25T16:07:14 IST" skipped="0">
  <testcase classname="TestNGpack.TakeScreenshot" name="Screenshot" time="2.455"/>
  <system-out/>
</testsuite> <!-- TestNGpack.TakeScreenshot -->
