<?xml version="1.0" encoding="UTF-8"?>
<!-- Generated by org.testng.reporters.JUnitReportReporter -->
<testsuite hostname="DESKTOP-56V3S75" failures="0" tests="1" name="TestNGpack.RediffActionClass" time="2.775" errors="0" timestamp="2023-03-23T16:15:41 IST" skipped="0">
  <testcase classname="TestNGpack.RediffActionClass" name="automation" time="2.775"/>
  <system-out/>
</testsuite> <!-- TestNGpack.RediffActionClass -->
