<?xml version="1.0" encoding="UTF-8"?>
<!-- Generated by org.testng.reporters.JUnitReportReporter -->
<testsuite hostname="DESKTOP-56V3S75" failures="0" tests="1" name="TestNGpack.ExpediaAutomation" time="7.474" errors="0" timestamp="2023-04-18T22:58:24 IST" skipped="0">
  <testcase classname="TestNGpack.ExpediaAutomation" name="test" time="7.474"/>
  <system-out/>
</testsuite> <!-- TestNGpack.ExpediaAutomation -->
