<?xml version="1.0" encoding="UTF-8"?>
<!-- Generated by org.testng.reporters.JUnitReportReporter -->
<testsuite hostname="DESKTOP-56V3S75" failures="0" tests="1" name="TestNGpack.WindowHandle" time="7.769" errors="0" timestamp="2023-04-05T16:17:41 IST" skipped="0">
  <testcase classname="TestNGpack.WindowHandle" name="test1" time="7.769"/>
  <system-out/>
</testsuite> <!-- TestNGpack.WindowHandle -->
