<?xml version="1.0" encoding="UTF-8"?>
<!-- Generated by org.testng.reporters.JUnitReportReporter -->
<testsuite hostname="DESKTOP-56V3S75" failures="0" tests="1" name="TestNGpack.MouseHover" time="2.202" errors="0" timestamp="2023-03-24T16:09:55 IST" skipped="0">
  <testcase classname="TestNGpack.MouseHover" name="automation" time="2.202"/>
  <system-out/>
</testsuite> <!-- TestNGpack.MouseHover -->
