<?xml version="1.0" encoding="UTF-8"?>
<!-- Generated by org.testng.reporters.JUnitReportReporter -->
<testsuite hostname="DESKTOP-56V3S75" failures="0" tests="1" name="TestNGpack.RediffButtonText" time="0.101" errors="0" timestamp="2023-03-24T16:36:25 IST" skipped="0">
  <testcase classname="TestNGpack.RediffButtonText" name="automation" time="0.101"/>
  <system-out/>
</testsuite> <!-- TestNGpack.RediffButtonText -->
