<?xml version="1.0" encoding="UTF-8"?>
<!-- Generated by org.testng.reporters.JUnitReportReporter -->
<testsuite hostname="DESKTOP-56V3S75" failures="0" tests="1" name="test.FbloginPagetest" time="0.301" errors="0" timestamp="2023-04-04T15:12:45 IST" skipped="0">
  <testcase classname="test.FbloginPagetest" name="test" time="0.301"/>
  <system-out/>
</testsuite> <!-- test.FbloginPagetest -->
