<?xml version="1.0" encoding="UTF-8"?>
<!-- Generated by org.testng.reporters.JUnitReportReporter -->
<testsuite hostname="DESKTOP-56V3S75" failures="0" tests="1" name="TestNGpack.RightClickandDoubleClick" time="0.618" errors="0" timestamp="2023-03-23T17:21:38 IST" skipped="0">
  <testcase classname="TestNGpack.RightClickandDoubleClick" name="test1" time="0.618"/>
  <system-out/>
</testsuite> <!-- TestNGpack.RightClickandDoubleClick -->
