<?xml version="1.0" encoding="UTF-8"?>
<!-- Generated by org.testng.reporters.JUnitReportReporter -->
<testsuite hostname="DESKTOP-56V3S75" failures="0" tests="1" name="TestNGpack.Exceldatadriven" time="37.272" errors="0" timestamp="2023-03-27T16:35:28 IST" skipped="0">
  <testcase classname="TestNGpack.Exceldatadriven" name="datadriventest" time="37.272"/>
  <system-out/>
</testsuite> <!-- TestNGpack.Exceldatadriven -->
