<?xml version="1.0" encoding="UTF-8"?>
<!-- Generated by org.testng.reporters.JUnitReportReporter -->
<testsuite hostname="DESKTOP-56V3S75" failures="0" tests="2" name="TestNGpack.TestingDemo" time="3.349" errors="0" timestamp="2023-03-22T16:36:16 IST" skipped="0">
  <testcase classname="TestNGpack.TestingDemo" name="automation2" time="1.075"/>
  <system-out/>
  <testcase classname="TestNGpack.TestingDemo" name="automation" time="2.274"/>
  <system-out/>
</testsuite> <!-- TestNGpack.TestingDemo -->
