<?xml version="1.0" encoding="UTF-8"?>
<!-- Generated by org.testng.reporters.JUnitReportReporter -->
<testsuite hostname="DESKTOP-56V3S75" failures="0" tests="1" name="TestNGpack.FIleUploadButton" time="6.929" errors="0" timestamp="2023-04-15T14:36:52 IST" skipped="0">
  <testcase classname="TestNGpack.FIleUploadButton" name="automation" time="6.929"/>
  <system-out/>
</testsuite> <!-- TestNGpack.FIleUploadButton -->
