<?xml version="1.0" encoding="UTF-8"?>
<!-- Generated by org.testng.reporters.JUnitReportReporter -->
<testsuite hostname="DESKTOP-56V3S75" failures="0" tests="1" name="webdriverpackage.Scrolldownamazon" time="3.839" errors="0" timestamp="2023-04-18T23:03:44 IST" skipped="0">
  <testcase classname="webdriverpackage.Scrolldownamazon" name="scrolldown" time="3.839"/>
  <system-out/>
</testsuite> <!-- webdriverpackage.Scrolldownamazon -->
