<?xml version="1.0" encoding="UTF-8"?>
<!-- Generated by org.testng.reporters.JUnitReportReporter -->
<testsuite hostname="DESKTOP-56V3S75" failures="0" tests="2" name="webdriverpackagae.Vrlautomationdateandsearch" time="0.712" errors="0" timestamp="2023-04-18T23:02:51 IST" skipped="0">
  <testcase classname="webdriverpackagae.Vrlautomationdateandsearch" name="chromeoptions" time="0.012"/>
  <system-out/>
  <testcase classname="webdriverpackagae.Vrlautomationdateandsearch" name="test" time="0.700"/>
  <system-out/>
</testsuite> <!-- webdriverpackagae.Vrlautomationdateandsearch -->
