<?xml version="1.0" encoding="UTF-8"?>
<!-- Generated by org.testng.reporters.JUnitReportReporter -->
<testsuite hostname="DESKTOP-56V3S75" failures="0" tests="4" name="TestNGpack.GroupingTest" time="0.019" errors="0" timestamp="2023-03-22T16:50:39 IST" skipped="0">
  <testcase classname="TestNGpack.GroupingTest" name="automation2" time="0.003"/>
  <system-out/>
  <testcase classname="TestNGpack.GroupingTest" name="automation" time="0.012"/>
  <system-out/>
  <testcase classname="TestNGpack.GroupingTest" name="automation3" time="0.002"/>
  <system-out/>
  <testcase classname="TestNGpack.GroupingTest" name="automation4" time="0.002"/>
  <system-out/>
</testsuite> <!-- TestNGpack.GroupingTest -->
